<?xml version="1.0" encoding="UTF-8"?>
<!-- Generated by org.testng.reporters.JUnitReportReporter -->
<testsuite hostname="MjNadar" failures="0" tests="1" name="com.Actitime.Testscripts.createCustomer" time="9.207" errors="0" timestamp="2023-06-05T10:05:22 IST" skipped="0">
  <testcase classname="com.Actitime.Testscripts.createCustomer" name="createCustomer" time="9.207"/>
  <system-out/>
</testsuite> <!-- com.Actitime.Testscripts.createCustomer -->
